Date			Time			Category		Description
20-Sep-2023		19:56:23		Info			NABERS Automation Script has been Started
20-Sep-2023		19:56:26		Info			There are 4 Scenario present
20-Sep-2023		19:56:26		Info			Shopping Centre Scenario sheet start executing
20-Sep-2023		19:56:28		Info			Scenario sheet is available in test data workbook and start counting the sheet Methods
20-Sep-2023		19:56:44		Info			Login Method of Shopping Centre sheet start running
20-Sep-2023		19:57:05		Info			Login Method of Shopping Centre sheet Passed
20-Sep-2023		19:57:06		Info			SelectRatingType Method of Shopping Centre sheet start running
20-Sep-2023		19:57:29		Info			SelectRatingType Method of Shopping Centre sheet Passed
20-Sep-2023		19:57:30		Info			RatingDetails Method of Shopping Centre sheet start running
20-Sep-2023		19:57:46		Info			RatingDetails Method of Shopping Centre sheet Passed
20-Sep-2023		19:57:47		Info			RatingPeriod Method of Shopping Centre sheet start running
20-Sep-2023		19:57:57		Info			RatingPeriod Method of Shopping Centre sheet Passed
20-Sep-2023		19:57:57		Info			Premises Method of Shopping Centre sheet start running
20-Sep-2023		19:58:16		Info			Premises Method of Shopping Centre sheet Passed
20-Sep-2023		19:58:16		Info			Contact Method of Shopping Centre sheet start running
20-Sep-2023		19:58:33		Info			Contact Method of Shopping Centre sheet Passed
20-Sep-2023		19:58:34		Info			HouseAreaService Method of Shopping Centre sheet start running
20-Sep-2023		19:58:46		Error			HouseAreaService Method of Shopping Centre sheet Faild
20-Sep-2023		19:58:47		Error			Script terminates here and goes to next scenario.
20-Sep-2023		19:58:47		Info			Shopping Centre1 Scenario sheet start executing
20-Sep-2023		19:58:48		Info			Scenario sheet is available in test data workbook and start counting the sheet Methods
20-Sep-2023		19:58:53		Error			org.openqa.selenium.NoSuchWindowException: no such window: target window already closed
from unknown error: web view not found
  (Session info: chrome=116.0.5845.188)
Build info: version: '4.8.3', revision: 'e5e76298c3'
System info: os.name: 'Windows 10', os.arch: 'amd64', os.version: '10.0', java.version: '20.0.1'
Driver info: org.openqa.selenium.chrome.ChromeDriver
Command: [13873591cf24ec48eee8aa3e1f89a6cc, maximizeCurrentWindow {}]
Capabilities {acceptInsecureCerts: false, browserName: chrome, browserVersion: 116.0.5845.188, chrome: {chromedriverVersion: 116.0.5845.96 (1a3918166880..., userDataDir: C:\Users\AIN189\AppData\Loc...}, fedcm:accounts: true, goog:chromeOptions: {debuggerAddress: localhost:51011}, networkConnectionEnabled: false, pageLoadStrategy: normal, platformName: WINDOWS, proxy: Proxy(), se:cdp: ws://localhost:51011/devtoo..., se:cdpVersion: 116.0.5845.188, setWindowRect: true, strictFileInteractability: false, timeouts: {implicit: 0, pageLoad: 300000, script: 30000}, unhandledPromptBehavior: dismiss and notify, webauthn:extension:credBlob: true, webauthn:extension:largeBlob: true, webauthn:extension:minPinLength: true, webauthn:extension:prf: true, webauthn:virtualAuthenticators: true}
Session ID: 13873591cf24ec48eee8aa3e1f89a6cc
20-Sep-2023		19:58:54		Info			Hotel Scenario sheet start executing
20-Sep-2023		19:58:55		Info			Scenario sheet is available in test data workbook and start counting the sheet Methods
20-Sep-2023		19:59:00		Error			org.openqa.selenium.NoSuchWindowException: no such window: target window already closed
from unknown error: web view not found
  (Session info: chrome=116.0.5845.188)
Build info: version: '4.8.3', revision: 'e5e76298c3'
System info: os.name: 'Windows 10', os.arch: 'amd64', os.version: '10.0', java.version: '20.0.1'
Driver info: org.openqa.selenium.chrome.ChromeDriver
Command: [6f7f21ed999cd00e475372b96fa5e3fc, maximizeCurrentWindow {}]
Capabilities {acceptInsecureCerts: false, browserName: chrome, browserVersion: 116.0.5845.188, chrome: {chromedriverVersion: 116.0.5845.96 (1a3918166880..., userDataDir: C:\Users\AIN189\AppData\Loc...}, fedcm:accounts: true, goog:chromeOptions: {debuggerAddress: localhost:51027}, networkConnectionEnabled: false, pageLoadStrategy: normal, platformName: WINDOWS, proxy: Proxy(), se:cdp: ws://localhost:51027/devtoo..., se:cdpVersion: 116.0.5845.188, setWindowRect: true, strictFileInteractability: false, timeouts: {implicit: 0, pageLoad: 300000, script: 30000}, unhandledPromptBehavior: dismiss and notify, webauthn:extension:credBlob: true, webauthn:extension:largeBlob: true, webauthn:extension:minPinLength: true, webauthn:extension:prf: true, webauthn:virtualAuthenticators: true}
Session ID: 6f7f21ed999cd00e475372b96fa5e3fc
20-Sep-2023		19:59:00		Info			Warehouse and cold store Scenario sheet start executing
20-Sep-2023		19:59:01		Info			Scenario sheet is available in test data workbook and start counting the sheet Methods
20-Sep-2023		19:59:07		Error			org.openqa.selenium.remote.UnreachableBrowserException: Error communicating with the remote browser. It may have died.
Build info: version: '4.8.3', revision: 'e5e76298c3'
System info: os.name: 'Windows 10', os.arch: 'amd64', os.version: '10.0', java.version: '20.0.1'
Driver info: org.openqa.selenium.chrome.ChromeDriver
Command: [0cbce96a6ecb79ee9604ea5bcb8d18d7, get {url=https://nabers--naboltest.sandbox.my.site.com/community/s/}]
Capabilities {acceptInsecureCerts: false, browserName: chrome, browserVersion: 116.0.5845.188, chrome: {chromedriverVersion: 116.0.5845.96 (1a3918166880..., userDataDir: C:\Users\AIN189\AppData\Loc...}, fedcm:accounts: true, goog:chromeOptions: {debuggerAddress: localhost:51043}, networkConnectionEnabled: false, pageLoadStrategy: normal, platformName: WINDOWS, proxy: Proxy(), se:cdp: ws://localhost:51043/devtoo..., se:cdpVersion: 116.0.5845.188, setWindowRect: true, strictFileInteractability: false, timeouts: {implicit: 0, pageLoad: 300000, script: 30000}, unhandledPromptBehavior: dismiss and notify, webauthn:extension:credBlob: true, webauthn:extension:largeBlob: true, webauthn:extension:minPinLength: true, webauthn:extension:prf: true, webauthn:virtualAuthenticators: true}
Session ID: 0cbce96a6ecb79ee9604ea5bcb8d18d7
